0 info it worked if it ends with ok
1 verbose cli [ 'node',
1 verbose cli   '/usr/local/bin/npm',
1 verbose cli   'install',
1 verbose cli   '-g',
1 verbose cli   'generator-generator' ]
2 info using npm@2.0.0
3 info using node@v0.10.24
4 verbose cache add [ 'generator-generator', null ]
5 verbose cache add spec="generator-generator" args=["generator-generator",null]
6 verbose parsed spec { raw: 'generator-generator',
6 verbose parsed spec   scope: null,
6 verbose parsed spec   name: 'generator-generator',
6 verbose parsed spec   rawSpec: '',
6 verbose parsed spec   spec: '*',
6 verbose parsed spec   type: 'range' }
7 verbose parsed spec { raw: 'generator-generator',
7 verbose parsed spec   scope: null,
7 verbose parsed spec   name: 'generator-generator',
7 verbose parsed spec   rawSpec: '',
7 verbose parsed spec   spec: '*',
7 verbose parsed spec   type: 'range' }
8 verbose addNamed [ 'generator-generator', '*' ]
9 verbose addNamed [ null, '*' ]
10 silly lockFile d7dff4c7-generator-generator generator-generator@*
11 verbose lock generator-generator@* /Users/sudhir/.npm/d7dff4c7-generator-generator.lock
12 silly addNameRange { name: 'generator-generator', range: '*', hasData: false }
13 verbose mapToRegistry name generator-generator
14 verbose mapToRegistry uri https://registry.npmjs.org/generator-generator
15 verbose request on initialization, where is /generator-generator
16 verbose request after pass 1, where is /generator-generator
17 verbose request url raw /generator-generator
18 verbose request resolving registry [ 'https://registry.npmjs.org/', './generator-generator' ]
19 verbose request after pass 2, where is https://registry.npmjs.org/generator-generator
20 verbose request no auth needed
21 info attempt registry request try #1 at 12:17:14
22 verbose request id 5839b62b55d47483
23 http request GET https://registry.npmjs.org/generator-generator
24 http 200 https://registry.npmjs.org/generator-generator
25 silly registry.get cb [ 200,
25 silly registry.get   { date: 'Wed, 18 Feb 2015 20:17:11 GMT',
25 silly registry.get     server: 'CouchDB/1.6.1 (Erlang OTP/R14B04)',
25 silly registry.get     etag: '"74CNX3LRTVIWGFAR5PF4KJMJA"',
25 silly registry.get     'content-type': 'application/json',
25 silly registry.get     'cache-control': 'max-age=60',
25 silly registry.get     'content-length': '20790',
25 silly registry.get     'accept-ranges': 'bytes',
25 silly registry.get     via: '1.1 varnish',
25 silly registry.get     age: '0',
25 silly registry.get     'x-served-by': 'cache-sjc3125-SJC',
25 silly registry.get     'x-cache': 'MISS',
25 silly registry.get     'x-cache-hits': '0',
25 silly registry.get     'x-timer': 'S1424290631.833595,VS0,VE82',
25 silly registry.get     vary: 'Accept',
25 silly registry.get     'keep-alive': 'timeout=10, max=50',
25 silly registry.get     connection: 'Keep-Alive' } ]
26 silly addNameRange number 2 { name: 'generator-generator', range: '*', hasData: true }
27 silly addNameRange versions [ 'generator-generator',
27 silly addNameRange   [ '0.1.0',
27 silly addNameRange     '0.1.1',
27 silly addNameRange     '0.2.0',
27 silly addNameRange     '0.2.1',
27 silly addNameRange     '0.2.2',
27 silly addNameRange     '0.3.0',
27 silly addNameRange     '0.4.0',
27 silly addNameRange     '0.4.1',
27 silly addNameRange     '0.4.2',
27 silly addNameRange     '0.4.3',
27 silly addNameRange     '0.4.4',
27 silly addNameRange     '0.5.0',
27 silly addNameRange     '0.6.0' ] ]
28 verbose addNamed [ 'generator-generator', '0.6.0' ]
29 verbose addNamed [ '0.6.0', '0.6.0' ]
30 silly lockFile 3c9ea4e3-generator-generator-0-6-0 generator-generator@0.6.0
31 verbose lock generator-generator@0.6.0 /Users/sudhir/.npm/3c9ea4e3-generator-generator-0-6-0.lock
32 silly lockFile c2ac3a22-or-generator-generator-0-6-0-tgz https://registry.npmjs.org/generator-generator/-/generator-generator-0.6.0.tgz
33 verbose lock https://registry.npmjs.org/generator-generator/-/generator-generator-0.6.0.tgz /Users/sudhir/.npm/c2ac3a22-or-generator-generator-0-6-0-tgz.lock
34 verbose addRemoteTarball [ 'https://registry.npmjs.org/generator-generator/-/generator-generator-0.6.0.tgz',
34 verbose addRemoteTarball   '7e684580b6389f886cd7b035f8b8420a713ec58d' ]
35 info retry fetch attempt 1 at 12:17:14
36 info attempt registry request try #1 at 12:17:14
37 http fetch GET https://registry.npmjs.org/generator-generator/-/generator-generator-0.6.0.tgz
38 http fetch 200 https://registry.npmjs.org/generator-generator/-/generator-generator-0.6.0.tgz
39 silly fetchAndShaCheck shasum 7e684580b6389f886cd7b035f8b8420a713ec58d
40 silly lockFile c2ac3a22-or-generator-generator-0-6-0-tgz https://registry.npmjs.org/generator-generator/-/generator-generator-0.6.0.tgz
41 silly lockFile c2ac3a22-or-generator-generator-0-6-0-tgz https://registry.npmjs.org/generator-generator/-/generator-generator-0.6.0.tgz
42 silly lockFile 3c9ea4e3-generator-generator-0-6-0 generator-generator@0.6.0
43 silly lockFile 3c9ea4e3-generator-generator-0-6-0 generator-generator@0.6.0
44 silly lockFile d7dff4c7-generator-generator generator-generator@*
45 silly lockFile d7dff4c7-generator-generator generator-generator@*
46 silly resolved [ { name: 'generator-generator',
46 silly resolved     version: '0.6.0',
46 silly resolved     description: 'Generator Generator for Yeoman',
46 silly resolved     keywords: [ 'yeoman-generator', 'generator', 'inception' ],
46 silly resolved     homepage: 'https://github.com/yeoman/generator-generator',
46 silly resolved     bugs: { url: 'https://github.com/yeoman/generator-generator/issues' },
46 silly resolved     author:
46 silly resolved      { name: 'Pascal Hartig',
46 silly resolved        email: 'phartig@rdrei.net',
46 silly resolved        url: 'http://yeoman.io' },
46 silly resolved     main: 'app/index.js',
46 silly resolved     repository:
46 silly resolved      { type: 'git',
46 silly resolved        url: 'https://github.com/yeoman/generator-generator.git' },
46 silly resolved     scripts: { test: 'mocha' },
46 silly resolved     dependencies:
46 silly resolved      { chalk: '^0.5.1',
46 silly resolved        github: '^0.2.1',
46 silly resolved        lodash: '^2.4.1',
46 silly resolved        'npm-name': '^1.0.1',
46 silly resolved        superb: '^1.0.0',
46 silly resolved        'underscore.string': '^2.4.0',
46 silly resolved        'yeoman-generator': '^0.18.1',
46 silly resolved        yosay: '^1.0.0' },
46 silly resolved     devDependencies: { mocha: '^2.0.1', mockery: '^1.4.0' },
46 silly resolved     peerDependencies: { yo: '>=1.0.0' },
46 silly resolved     engines: { node: '>=0.10.0', npm: '>=1.2.10' },
46 silly resolved     licenses: [ [Object] ],
46 silly resolved     files: [ 'app', 'subgenerator' ],
46 silly resolved     gitHead: '06a030b3e650ef1c90063d87035a06a8963ab918',
46 silly resolved     _id: 'generator-generator@0.6.0',
46 silly resolved     _shasum: '7e684580b6389f886cd7b035f8b8420a713ec58d',
46 silly resolved     _from: 'generator-generator@*',
46 silly resolved     _npmVersion: '2.1.4',
46 silly resolved     _nodeVersion: '0.10.32',
46 silly resolved     _npmUser: { name: 'sboudrias', email: 'admin@simonboudrias.com' },
46 silly resolved     maintainers: [ [Object], [Object], [Object], [Object], [Object], [Object] ],
46 silly resolved     dist:
46 silly resolved      { shasum: '7e684580b6389f886cd7b035f8b8420a713ec58d',
46 silly resolved        tarball: 'http://registry.npmjs.org/generator-generator/-/generator-generator-0.6.0.tgz' },
46 silly resolved     directories: {},
46 silly resolved     _resolved: 'https://registry.npmjs.org/generator-generator/-/generator-generator-0.6.0.tgz' } ]
47 info install generator-generator@0.6.0 into /usr/local/lib
48 info installOne generator-generator@0.6.0
49 verbose lib/node_modules/generator-generator unbuild
50 verbose gentlyRm vacuuming /usr/local/lib/node_modules/generator-generator
51 verbose tar unpack /Users/sudhir/.npm/generator-generator/0.6.0/package.tgz
52 silly lockFile 46cd8b45-node-modules-generator-generator tar:///usr/local/lib/node_modules/generator-generator
53 verbose lock tar:///usr/local/lib/node_modules/generator-generator /Users/sudhir/.npm/46cd8b45-node-modules-generator-generator.lock
54 silly lockFile 08fff4b5-ator-generator-0-6-0-package-tgz tar:///Users/sudhir/.npm/generator-generator/0.6.0/package.tgz
55 verbose lock tar:///Users/sudhir/.npm/generator-generator/0.6.0/package.tgz /Users/sudhir/.npm/08fff4b5-ator-generator-0-6-0-package-tgz.lock
56 verbose gentlyRm vacuuming /usr/local/lib/node_modules/generator-generator
57 silly gunzTarPerm modes [ '755', '644' ]
58 verbose fstream_path /usr/local/lib/node_modules/generator-generator
59 verbose fstream_type Directory
60 verbose fstream_class DirWriter
61 verbose stack Error: EACCES, mkdir '/usr/local/lib/node_modules/generator-generator'
62 verbose fstream_stack /usr/local/lib/node_modules/npm/node_modules/fstream/lib/dir-writer.js:36:23
62 verbose fstream_stack /usr/local/lib/node_modules/npm/node_modules/mkdirp/index.js:46:53
62 verbose fstream_stack Object.oncomplete (fs.js:107:15)
63 verbose cwd /Users/sudhir/Projects/trials/generator-springbatch
64 error Darwin 13.4.0
65 error argv "node" "/usr/local/bin/npm" "install" "-g" "generator-generator"
66 error node v0.10.24
67 error npm  v2.0.0
68 error path /usr/local/lib/node_modules/generator-generator
69 error code EACCES
70 error errno 3
71 error Error: EACCES, mkdir '/usr/local/lib/node_modules/generator-generator'
71 error  { [Error: EACCES, mkdir '/usr/local/lib/node_modules/generator-generator']
71 error   errno: 3,
71 error   code: 'EACCES',
71 error   path: '/usr/local/lib/node_modules/generator-generator',
71 error   fstream_type: 'Directory',
71 error   fstream_path: '/usr/local/lib/node_modules/generator-generator',
71 error   fstream_class: 'DirWriter',
71 error   fstream_stack:
71 error    [ '/usr/local/lib/node_modules/npm/node_modules/fstream/lib/dir-writer.js:36:23',
71 error      '/usr/local/lib/node_modules/npm/node_modules/mkdirp/index.js:46:53',
71 error      'Object.oncomplete (fs.js:107:15)' ] }
72 error Please try running this command again as root/Administrator.
73 verbose exit [ 3, true ]
